<?xml version="1.0" encoding="UTF-8"?>
<!-- Generated by org.testng.reporters.JUnitReportReporter -->
<testsuite hostname="Nisha_Khatiwada" failures="0" tests="1" name="com.testautomation.apitesting.test.PostAPIRequestUsingPojos" time="0.368" errors="0" timestamp="2024-01-26T22:29:09 EST" skipped="0">
  <testcase classname="com.testautomation.apitesting.test.PostAPIRequestUsingPojos" name="postApiRequest" time="0.368"/>
  <system-out/>
</testsuite> <!-- com.testautomation.apitesting.test.PostAPIRequestUsingPojos -->
