<?xml version="1.0" encoding="UTF-8"?>
<!-- Generated by org.testng.reporters.JUnitReportReporter -->
<testsuite hostname="Nisha_Khatiwada" failures="0" tests="1" name="com.testautomation.apitesting.test.PostApiRequestUsingFile" time="1.401" errors="0" timestamp="2024-01-25T12:20:50 EST" skipped="0">
  <testcase classname="com.testautomation.apitesting.test.PostApiRequestUsingFile" name="postAPIRequest" time="1.401"/>
  <system-out/>
</testsuite> <!-- com.testautomation.apitesting.test.PostApiRequestUsingFile -->
