<?xml version="1.0" encoding="UTF-8"?>
<!-- Generated by org.testng.reporters.JUnitReportReporter -->
<testsuite hostname="Nisha_Khatiwada" failures="0" tests="1" name="com.testautomation.apitesting.test.PatchAPIRequest" time="2.263" errors="0" timestamp="2024-01-29T11:24:17 EST" skipped="0">
  <testcase classname="com.testautomation.apitesting.test.PatchAPIRequest" name="patchAPIRequest" time="2.263"/>
  <system-out/>
</testsuite> <!-- com.testautomation.apitesting.test.PatchAPIRequest -->
