<?xml version="1.0" encoding="UTF-8"?>
<!-- Generated by org.testng.reporters.JUnitReportReporter -->
<testsuite hostname="Nisha_Khatiwada" failures="0" tests="1" name="com.testautomation.apitesting.test.PostAPIRequest" time="1.766" errors="0" timestamp="2024-01-24T09:28:49 EST" skipped="0">
  <testcase classname="com.testautomation.apitesting.test.PostAPIRequest" name="createBooking" time="1.766"/>
  <system-out/>
</testsuite> <!-- com.testautomation.apitesting.test.PostAPIRequest -->
