<?xml version="1.0" encoding="UTF-8"?>
<!-- Generated by org.testng.reporters.JUnitReportReporter -->
<testsuite hostname="Nisha_Khatiwada" failures="0" tests="1" name="com.testautomation.apitesting.test.EndToEndAPITest" time="4.550" errors="0" timestamp="2024-01-29T14:20:00 EST" skipped="0">
  <testcase classname="com.testautomation.apitesting.test.EndToEndAPITest" name="e2eAPIRequest" time="4.550"/>
  <system-out/>
</testsuite> <!-- com.testautomation.apitesting.test.EndToEndAPITest -->
