<?xml version="1.0" encoding="UTF-8"?>
<!-- Generated by org.testng.reporters.JUnitReportReporter -->
<testsuite hostname="Nisha_Khatiwada" failures="0" tests="1" name="com.testautomation.apitesting.test.PutAPIRequest" time="2.119" errors="0" timestamp="2024-01-29T10:38:43 EST" skipped="0">
  <testcase classname="com.testautomation.apitesting.test.PutAPIRequest" name="postAPIRequest" time="2.119"/>
  <system-out/>
</testsuite> <!-- com.testautomation.apitesting.test.PutAPIRequest -->
