<?xml version="1.0" encoding="UTF-8"?>
<!-- Generated by org.testng.reporters.JUnitReportReporter -->
<testsuite hostname="Nisha_Khatiwada" failures="0" tests="1" name="com.testautomation.apitesting.GetAPIRequest" time="2.641" errors="0" timestamp="2024-01-23T10:44:01 EST" skipped="0">
  <testcase classname="com.testautomation.apitesting.GetAPIRequest" name="getBookingIds" time="2.641"/>
  <system-out/>
</testsuite> <!-- com.testautomation.apitesting.GetAPIRequest -->
